01:33:52.809 [main] INFO  api.test.UserTests - -------------craete user--------
01:33:57.501 [main] INFO  api.test.UserTests - -------------craeted user--------
01:33:57.541 [main] INFO  api.test.UserTests - -------------getting user--------
01:33:59.174 [main] INFO  api.test.UserTests - -------------got the user--------
01:33:59.191 [main] INFO  api.test.UserTests - -------------update user by name --------
01:34:00.702 [main] INFO  api.test.UserTests - -------------updated user--------
01:34:02.455 [main] INFO  api.test.UserTests - -------------delete user--------
01:34:03.815 [main] INFO  api.test.UserTests - -------------deleted user--------
16:16:23.593 [main] INFO  api.test.UserTests2 - -------------craete user--------
16:16:29.620 [main] INFO  api.test.UserTests2 - -------------getting user--------
16:16:31.294 [main] INFO  api.test.UserTests2 - -------------update user by name --------
16:16:32.723 [main] INFO  api.test.UserTests2 - -------------updated user--------
16:16:34.127 [main] INFO  api.test.UserTests2 - -------------delete user--------
16:19:21.485 [main] INFO  api.test.UserTests2 - -------------craete user--------
16:19:25.977 [main] INFO  api.test.UserTests2 - -------------getting user--------
16:19:27.569 [main] INFO  api.test.UserTests2 - -------------update user by name --------
16:19:29.009 [main] INFO  api.test.UserTests2 - -------------updated user--------
16:19:30.895 [main] INFO  api.test.UserTests2 - -------------delete user--------
16:25:05.330 [main] INFO  api.test.UserTests2 - -------------craete user--------
16:25:10.687 [main] INFO  api.test.UserTests2 - -------------getting user--------
16:25:12.430 [main] INFO  api.test.UserTests2 - -------------update user by name --------
16:25:13.805 [main] INFO  api.test.UserTests2 - -------------updated user--------
16:25:15.199 [main] INFO  api.test.UserTests2 - -------------delete user--------
16:25:44.946 [main] INFO  api.test.UserTests - -------------craete user--------
16:25:49.657 [main] INFO  api.test.UserTests - -------------craeted user--------
16:25:49.672 [main] INFO  api.test.UserTests - -------------getting user--------
16:25:51.453 [main] INFO  api.test.UserTests - -------------got the user--------
16:25:51.467 [main] INFO  api.test.UserTests - -------------update user by name --------
16:25:52.936 [main] INFO  api.test.UserTests - -------------updated user--------
16:25:54.652 [main] INFO  api.test.UserTests - -------------delete user--------
16:25:56.246 [main] INFO  api.test.UserTests - -------------deleted user--------
16:28:00.380 [main] INFO  api.test.UserTests2 - -------------craete user--------
16:28:02.067 [main] INFO  api.test.UserTests2 - -------------getting user--------
16:28:02.098 [main] INFO  api.test.UserTests2 - -------------update user by name --------
16:28:02.129 [main] INFO  api.test.UserTests2 - -------------delete user--------
16:32:08.194 [main] INFO  api.test.UserTests2 - -------------craete user--------
16:32:13.014 [main] INFO  api.test.UserTests2 - -------------craeted user--------
16:32:13.045 [main] INFO  api.test.UserTests2 - -------------getting user--------
16:32:14.810 [main] INFO  api.test.UserTests2 - -------------got the user--------
16:32:14.814 [main] INFO  api.test.UserTests2 - -------------update user by name --------
16:32:16.345 [main] INFO  api.test.UserTests2 - -------------updated user--------
16:32:17.955 [main] INFO  api.test.UserTests2 - -------------delete user--------
16:32:19.548 [main] INFO  api.test.UserTests2 - -------------deleted user--------
16:44:16.977 [main] INFO  api.test.UserTests2 - -------------craete user--------
16:44:22.702 [main] INFO  api.test.UserTests2 - -------------craeted user--------
16:44:22.729 [main] INFO  api.test.UserTests2 - -------------getting user--------
16:44:26.258 [main] INFO  api.test.UserTests2 - -------------got the user--------
16:44:26.265 [main] INFO  api.test.UserTests2 - -------------update user by name --------
16:44:28.152 [main] INFO  api.test.UserTests2 - -------------updated user--------
16:44:29.667 [main] INFO  api.test.UserTests2 - -------------delete user--------
16:44:31.587 [main] INFO  api.test.UserTests2 - -------------deleted user--------
17:12:43.672 [main] INFO  api.test.UserTests2 - -------------craete user--------
17:12:52.513 [main] INFO  api.test.UserTests2 - -------------craeted user--------
17:12:52.537 [main] INFO  api.test.UserTests2 - -------------getting user--------
17:12:54.506 [main] INFO  api.test.UserTests2 - -------------got the user--------
17:12:54.517 [main] INFO  api.test.UserTests2 - -------------update user by name --------
17:12:56.413 [main] INFO  api.test.UserTests2 - -------------updated user--------
17:12:58.015 [main] INFO  api.test.UserTests2 - -------------delete user--------
17:13:01.130 [main] INFO  api.test.UserTests2 - -------------deleted user--------
17:31:29.198 [main] INFO  api.test.UserTests2 - -------------craete user--------
17:31:34.088 [main] INFO  api.test.UserTests2 - -------------craeted user--------
17:31:34.113 [main] INFO  api.test.UserTests2 - -------------getting user--------
17:31:35.847 [main] INFO  api.test.UserTests2 - -------------got the user--------
17:31:35.863 [main] INFO  api.test.UserTests2 - -------------update user by name --------
17:31:37.759 [main] INFO  api.test.UserTests2 - -------------updated user--------
17:31:39.341 [main] INFO  api.test.UserTests2 - -------------delete user--------
17:31:40.966 [main] INFO  api.test.UserTests2 - -------------deleted user--------
17:37:39.463 [main] INFO  api.test.UserTests2 - -------------craete user--------
17:37:47.059 [main] INFO  api.test.UserTests2 - -------------craeted user--------
17:37:47.108 [main] INFO  api.test.UserTests2 - -------------getting user--------
17:37:48.888 [main] INFO  api.test.UserTests2 - -------------got the user--------
17:37:48.888 [main] INFO  api.test.UserTests2 - -------------update user by name --------
17:37:50.430 [main] INFO  api.test.UserTests2 - -------------updated user--------
17:37:52.126 [main] INFO  api.test.UserTests2 - -------------delete user--------
17:37:53.650 [main] INFO  api.test.UserTests2 - -------------deleted user--------
17:39:13.558 [main] INFO  api.test.UserTests2 - -------------craete user--------
17:39:19.213 [main] INFO  api.test.UserTests2 - -------------craeted user--------
17:39:19.244 [main] INFO  api.test.UserTests2 - -------------getting user--------
17:39:21.369 [main] INFO  api.test.UserTests2 - -------------got the user--------
17:39:21.369 [main] INFO  api.test.UserTests2 - -------------update user by name --------
17:39:22.900 [main] INFO  api.test.UserTests2 - -------------updated user--------
17:39:24.478 [main] INFO  api.test.UserTests2 - -------------delete user--------
17:39:26.071 [main] INFO  api.test.UserTests2 - -------------deleted user--------
17:42:34.610 [main] INFO  api.test.UserTests2 - -------------craete user--------
17:42:41.986 [main] INFO  api.test.UserTests2 - -------------craeted user--------
17:42:42.014 [main] INFO  api.test.UserTests2 - -------------getting user--------
17:42:44.696 [main] INFO  api.test.UserTests2 - -------------got the user--------
17:42:44.704 [main] INFO  api.test.UserTests2 - -------------update user by name --------
17:42:46.627 [main] INFO  api.test.UserTests2 - -------------updated user--------
17:42:48.552 [main] INFO  api.test.UserTests2 - -------------delete user--------
17:42:50.137 [main] INFO  api.test.UserTests2 - -------------deleted user--------
